2025-05-01T09:55:15 — Improve accessibility
2025-05-01T13:18:20 — Adjust responsive layout
2025-05-01T13:36:02 — Update portfolio data
2025-05-03T11:15:09 — Optimize performance
2025-05-03T09:07:10 — Improve readability
2025-05-03T09:11:45 — Refine project descriptions
2025-05-05T13:38:12 — Update contact info
2025-05-06T15:08:47 — Update portfolio data
2025-05-06T22:47:21 — Improve layout styles
2025-05-06T21:39:38 — Improve layout styles
2025-05-07T09:45:22 — Optimize performance
2025-05-10T20:33:45 — Adjust responsive layout
2025-05-10T13:21:54 — Improve layout styles
2025-05-11T12:12:42 — Polish UI details
2025-05-14T18:47:13 — Update portfolio data
2025-05-14T12:41:19 — Update experience section
2025-05-14T17:22:55 — Improve readability
2025-05-14T16:07:53 — Improve readability
2025-05-15T20:43:50 — Update project links
2025-05-15T09:59:43 — Improve accessibility
2025-05-16T18:29:23 — Fix typos
2025-05-16T14:48:46 — Update project links
2025-05-16T22:12:58 — Update portfolio data
2025-05-16T15:32:43 — Clean up code
2025-05-17T11:23:00 — Polish UI details
2025-05-17T20:55:24 — Update contact info
2025-05-17T11:04:24 — Update portfolio data
